-------------------------------------------------------------------------------
Test set: bgu.spl.mics.MessageBusImplTest
-------------------------------------------------------------------------------
Tests run: 9, Failures: 0, Errors: 9, Skipped: 0, Time elapsed: 0.240 s <<< FAILURE! -- in bgu.spl.mics.MessageBusImplTest
bgu.spl.mics.MessageBusImplTest.testSubscribeBroadcast -- Time elapsed: 0.090 s <<< ERROR!
java.lang.Error: 
Unresolved compilation problems: 
	DummyMicroService cannot be resolved to a type
	The field MessageBusImpl.subscriptions is not visible
	The field MessageBusImpl.subscriptions is not visible

	at bgu.spl.mics.MessageBusImplTest.testSubscribeBroadcast(MessageBusImplTest.java:46)
	at java.lang.reflect.Method.invoke(Method.java:498)
	at java.util.ArrayList.forEach(ArrayList.java:1259)
	at java.util.ArrayList.forEach(ArrayList.java:1259)

bgu.spl.mics.MessageBusImplTest.testRegister -- Time elapsed: 0.005 s <<< ERROR!
java.lang.Error: 
Unresolved compilation problems: 
	DummyMicroService cannot be resolved to a type
	The field MessageBusImpl.queues is not visible

	at bgu.spl.mics.MessageBusImplTest.testRegister(MessageBusImplTest.java:14)
	at java.lang.reflect.Method.invoke(Method.java:498)
	at java.util.ArrayList.forEach(ArrayList.java:1259)
	at java.util.ArrayList.forEach(ArrayList.java:1259)

bgu.spl.mics.MessageBusImplTest.testComplete -- Time elapsed: 0.003 s <<< ERROR!
java.lang.Error: 
Unresolved compilation problems: 
	DummyMicroService cannot be resolved to a type
	'<>' cannot be used with anonymous classes
	The method subscribeEvent(Class<? extends Event<T>>, MicroService) in the type MessageBusImpl is not applicable for the arguments (Class<capture#10-of ? extends Event>, MicroService)

	at bgu.spl.mics.MessageBusImplTest.testComplete(MessageBusImplTest.java:93)
	at java.lang.reflect.Method.invoke(Method.java:498)
	at java.util.ArrayList.forEach(ArrayList.java:1259)
	at java.util.ArrayList.forEach(ArrayList.java:1259)

bgu.spl.mics.MessageBusImplTest.testUnregister -- Time elapsed: 0.003 s <<< ERROR!
java.lang.Error: 
Unresolved compilation problems: 
	DummyMicroService cannot be resolved to a type
	The field MessageBusImpl.queues is not visible

	at bgu.spl.mics.MessageBusImplTest.testUnregister(MessageBusImplTest.java:23)
	at java.lang.reflect.Method.invoke(Method.java:498)
	at java.util.ArrayList.forEach(ArrayList.java:1259)
	at java.util.ArrayList.forEach(ArrayList.java:1259)

bgu.spl.mics.MessageBusImplTest.testSubscribeEvent -- Time elapsed: 0.002 s <<< ERROR!
java.lang.Error: 
Unresolved compilation problems: 
	DummyMicroService cannot be resolved to a type
	'<>' cannot be used with anonymous classes
	The method subscribeEvent(Class<? extends Event<T>>, MicroService) in the type MessageBusImpl is not applicable for the arguments (Class<capture#1-of ? extends Event>, MicroService)
	The field MessageBusImpl.subscriptions is not visible
	The field MessageBusImpl.subscriptions is not visible

	at bgu.spl.mics.MessageBusImplTest.testSubscribeEvent(MessageBusImplTest.java:33)
	at java.lang.reflect.Method.invoke(Method.java:498)
	at java.util.ArrayList.forEach(ArrayList.java:1259)
	at java.util.ArrayList.forEach(ArrayList.java:1259)

bgu.spl.mics.MessageBusImplTest.testSendBroadcast -- Time elapsed: 0.002 s <<< ERROR!
java.lang.Error: 
Unresolved compilation problems: 
	DummyMicroService cannot be resolved to a type
	DummyMicroService cannot be resolved to a type
	The field MessageBusImpl.queues is not visible
	The field MessageBusImpl.queues is not visible

	at bgu.spl.mics.MessageBusImplTest.testSendBroadcast(MessageBusImplTest.java:75)
	at java.lang.reflect.Method.invoke(Method.java:498)
	at java.util.ArrayList.forEach(ArrayList.java:1259)
	at java.util.ArrayList.forEach(ArrayList.java:1259)

bgu.spl.mics.MessageBusImplTest.testSendEvent -- Time elapsed: 0.001 s <<< ERROR!
java.lang.Error: 
Unresolved compilation problems: 
	DummyMicroService cannot be resolved to a type
	'<>' cannot be used with anonymous classes
	The method subscribeEvent(Class<? extends Event<T>>, MicroService) in the type MessageBusImpl is not applicable for the arguments (Class<capture#7-of ? extends Event>, MicroService)
	The field MessageBusImpl.queues is not visible

	at bgu.spl.mics.MessageBusImplTest.testSendEvent(MessageBusImplTest.java:59)
	at java.lang.reflect.Method.invoke(Method.java:498)
	at java.util.ArrayList.forEach(ArrayList.java:1259)
	at java.util.ArrayList.forEach(ArrayList.java:1259)

bgu.spl.mics.MessageBusImplTest.testAwaitMessageThrowsException -- Time elapsed: 0.001 s <<< ERROR!
java.lang.Error: 
Unresolved compilation problem: 
	DummyMicroService cannot be resolved to a type

	at bgu.spl.mics.MessageBusImplTest.testAwaitMessageThrowsException(MessageBusImplTest.java:124)
	at java.lang.reflect.Method.invoke(Method.java:498)
	at java.util.ArrayList.forEach(ArrayList.java:1259)
	at java.util.ArrayList.forEach(ArrayList.java:1259)

bgu.spl.mics.MessageBusImplTest.testAwaitMessage -- Time elapsed: 0.002 s <<< ERROR!
java.lang.Error: 
Unresolved compilation problems: 
	DummyMicroService cannot be resolved to a type
	'<>' cannot be used with anonymous classes
	The method subscribeEvent(Class<? extends Event<T>>, MicroService) in the type MessageBusImpl is not applicable for the arguments (Class<capture#11-of ? extends Event>, MicroService)

	at bgu.spl.mics.MessageBusImplTest.testAwaitMessage(MessageBusImplTest.java:109)
	at java.lang.reflect.Method.invoke(Method.java:498)
	at java.util.ArrayList.forEach(ArrayList.java:1259)
	at java.util.ArrayList.forEach(ArrayList.java:1259)

