<?xml version="1.0" encoding="UTF-8"?>
<testsuite xmlns:xsi="http://www.w3.org/2001/XMLSchema-instance" xsi:noNamespaceSchemaLocation="https://maven.apache.org/surefire/maven-surefire-plugin/xsd/surefire-test-report.xsd" version="3.0.2" name="bgu.spl.mics.MessageBusImplTest" time="0.24" tests="9" errors="9" skipped="0" failures="0">
  <properties>
[...]
</properties>
  <testcase name="testSubscribeBroadcast" classname="bgu.spl.mics.MessageBusImplTest" time="0.09">
    <error message="Unresolved compilation problems: &#10;	DummyMicroService cannot be resolved to a type&#10;	The field MessageBusImpl.subscriptions is not visible&#10;	The field MessageBusImpl.subscriptions is not visible&#10;" type="java.lang.Error"><![CDATA[java.lang.Error: 
Unresolved compilation problems: 
	DummyMicroService cannot be resolved to a type
	The field MessageBusImpl.subscriptions is not visible
	The field MessageBusImpl.subscriptions is not visible

	at bgu.spl.mics.MessageBusImplTest.testSubscribeBroadcast(MessageBusImplTest.java:46)
	at java.lang.reflect.Method.invoke(Method.java:498)
	at java.util.ArrayList.forEach(ArrayList.java:1259)
	at java.util.ArrayList.forEach(ArrayList.java:1259)
]]></error>
  </testcase>
  <testcase name="testRegister" classname="bgu.spl.mics.MessageBusImplTest" time="0.005">
    <error message="Unresolved compilation problems: &#10;	DummyMicroService cannot be resolved to a type&#10;	The field MessageBusImpl.queues is not visible&#10;" type="java.lang.Error"><![CDATA[java.lang.Error: 
Unresolved compilation problems: 
	DummyMicroService cannot be resolved to a type
	The field MessageBusImpl.queues is not visible

	at bgu.spl.mics.MessageBusImplTest.testRegister(MessageBusImplTest.java:14)
	at java.lang.reflect.Method.invoke(Method.java:498)
	at java.util.ArrayList.forEach(ArrayList.java:1259)
	at java.util.ArrayList.forEach(ArrayList.java:1259)
]]></error>
  </testcase>
  <testcase name="testComplete" classname="bgu.spl.mics.MessageBusImplTest" time="0.003">
    <error message="Unresolved compilation problems: &#10;	DummyMicroService cannot be resolved to a type&#10;	&apos;&lt;&gt;&apos; cannot be used with anonymous classes&#10;	The method subscribeEvent(Class&lt;? extends Event&lt;T&gt;&gt;, MicroService) in the type MessageBusImpl is not applicable for the arguments (Class&lt;capture#10-of ? extends Event&gt;, MicroService)&#10;" type="java.lang.Error"><![CDATA[java.lang.Error: 
Unresolved compilation problems: 
	DummyMicroService cannot be resolved to a type
	'<>' cannot be used with anonymous classes
	The method subscribeEvent(Class<? extends Event<T>>, MicroService) in the type MessageBusImpl is not applicable for the arguments (Class<capture#10-of ? extends Event>, MicroService)

	at bgu.spl.mics.MessageBusImplTest.testComplete(MessageBusImplTest.java:93)
	at java.lang.reflect.Method.invoke(Method.java:498)
	at java.util.ArrayList.forEach(ArrayList.java:1259)
	at java.util.ArrayList.forEach(ArrayList.java:1259)
]]></error>
  </testcase>
  <testcase name="testUnregister" classname="bgu.spl.mics.MessageBusImplTest" time="0.003">
    <error message="Unresolved compilation problems: &#10;	DummyMicroService cannot be resolved to a type&#10;	The field MessageBusImpl.queues is not visible&#10;" type="java.lang.Error"><![CDATA[java.lang.Error: 
Unresolved compilation problems: 
	DummyMicroService cannot be resolved to a type
	The field MessageBusImpl.queues is not visible

	at bgu.spl.mics.MessageBusImplTest.testUnregister(MessageBusImplTest.java:23)
	at java.lang.reflect.Method.invoke(Method.java:498)
	at java.util.ArrayList.forEach(ArrayList.java:1259)
	at java.util.ArrayList.forEach(ArrayList.java:1259)
]]></error>
  </testcase>
  <testcase name="testSubscribeEvent" classname="bgu.spl.mics.MessageBusImplTest" time="0.002">
    <error message="Unresolved compilation problems: &#10;	DummyMicroService cannot be resolved to a type&#10;	&apos;&lt;&gt;&apos; cannot be used with anonymous classes&#10;	The method subscribeEvent(Class&lt;? extends Event&lt;T&gt;&gt;, MicroService) in the type MessageBusImpl is not applicable for the arguments (Class&lt;capture#1-of ? extends Event&gt;, MicroService)&#10;	The field MessageBusImpl.subscriptions is not visible&#10;	The field MessageBusImpl.subscriptions is not visible&#10;" type="java.lang.Error"><![CDATA[java.lang.Error: 
Unresolved compilation problems: 
	DummyMicroService cannot be resolved to a type
	'<>' cannot be used with anonymous classes
	The method subscribeEvent(Class<? extends Event<T>>, MicroService) in the type MessageBusImpl is not applicable for the arguments (Class<capture#1-of ? extends Event>, MicroService)
	The field MessageBusImpl.subscriptions is not visible
	The field MessageBusImpl.subscriptions is not visible

	at bgu.spl.mics.MessageBusImplTest.testSubscribeEvent(MessageBusImplTest.java:33)
	at java.lang.reflect.Method.invoke(Method.java:498)
	at java.util.ArrayList.forEach(ArrayList.java:1259)
	at java.util.ArrayList.forEach(ArrayList.java:1259)
]]></error>
  </testcase>
  <testcase name="testSendBroadcast" classname="bgu.spl.mics.MessageBusImplTest" time="0.002">
    <error message="Unresolved compilation problems: &#10;	DummyMicroService cannot be resolved to a type&#10;	DummyMicroService cannot be resolved to a type&#10;	The field MessageBusImpl.queues is not visible&#10;	The field MessageBusImpl.queues is not visible&#10;" type="java.lang.Error"><![CDATA[java.lang.Error: 
Unresolved compilation problems: 
	DummyMicroService cannot be resolved to a type
	DummyMicroService cannot be resolved to a type
	The field MessageBusImpl.queues is not visible
	The field MessageBusImpl.queues is not visible

	at bgu.spl.mics.MessageBusImplTest.testSendBroadcast(MessageBusImplTest.java:75)
	at java.lang.reflect.Method.invoke(Method.java:498)
	at java.util.ArrayList.forEach(ArrayList.java:1259)
	at java.util.ArrayList.forEach(ArrayList.java:1259)
]]></error>
  </testcase>
  <testcase name="testSendEvent" classname="bgu.spl.mics.MessageBusImplTest" time="0.001">
    <error message="Unresolved compilation problems: &#10;	DummyMicroService cannot be resolved to a type&#10;	&apos;&lt;&gt;&apos; cannot be used with anonymous classes&#10;	The method subscribeEvent(Class&lt;? extends Event&lt;T&gt;&gt;, MicroService) in the type MessageBusImpl is not applicable for the arguments (Class&lt;capture#7-of ? extends Event&gt;, MicroService)&#10;	The field MessageBusImpl.queues is not visible&#10;" type="java.lang.Error"><![CDATA[java.lang.Error: 
Unresolved compilation problems: 
	DummyMicroService cannot be resolved to a type
	'<>' cannot be used with anonymous classes
	The method subscribeEvent(Class<? extends Event<T>>, MicroService) in the type MessageBusImpl is not applicable for the arguments (Class<capture#7-of ? extends Event>, MicroService)
	The field MessageBusImpl.queues is not visible

	at bgu.spl.mics.MessageBusImplTest.testSendEvent(MessageBusImplTest.java:59)
	at java.lang.reflect.Method.invoke(Method.java:498)
	at java.util.ArrayList.forEach(ArrayList.java:1259)
	at java.util.ArrayList.forEach(ArrayList.java:1259)
]]></error>
  </testcase>
  <testcase name="testAwaitMessageThrowsException" classname="bgu.spl.mics.MessageBusImplTest" time="0.001">
    <error message="Unresolved compilation problem: &#10;	DummyMicroService cannot be resolved to a type&#10;" type="java.lang.Error"><![CDATA[java.lang.Error: 
Unresolved compilation problem: 
	DummyMicroService cannot be resolved to a type

	at bgu.spl.mics.MessageBusImplTest.testAwaitMessageThrowsException(MessageBusImplTest.java:124)
	at java.lang.reflect.Method.invoke(Method.java:498)
	at java.util.ArrayList.forEach(ArrayList.java:1259)
	at java.util.ArrayList.forEach(ArrayList.java:1259)
]]></error>
  </testcase>
  <testcase name="testAwaitMessage" classname="bgu.spl.mics.MessageBusImplTest" time="0.002">
    <error message="Unresolved compilation problems: &#10;	DummyMicroService cannot be resolved to a type&#10;	&apos;&lt;&gt;&apos; cannot be used with anonymous classes&#10;	The method subscribeEvent(Class&lt;? extends Event&lt;T&gt;&gt;, MicroService) in the type MessageBusImpl is not applicable for the arguments (Class&lt;capture#11-of ? extends Event&gt;, MicroService)&#10;" type="java.lang.Error"><![CDATA[java.lang.Error: 
Unresolved compilation problems: 
	DummyMicroService cannot be resolved to a type
	'<>' cannot be used with anonymous classes
	The method subscribeEvent(Class<? extends Event<T>>, MicroService) in the type MessageBusImpl is not applicable for the arguments (Class<capture#11-of ? extends Event>, MicroService)

	at bgu.spl.mics.MessageBusImplTest.testAwaitMessage(MessageBusImplTest.java:109)
	at java.lang.reflect.Method.invoke(Method.java:498)
	at java.util.ArrayList.forEach(ArrayList.java:1259)
	at java.util.ArrayList.forEach(ArrayList.java:1259)
]]></error>
  </testcase>
</testsuite>